[Sat Dec 10 06:00:17.928641 2022] [mpm_event:notice] [pid 1:tid 140244842888008] AH00489: Apache/2.4.54 (Unix) configured -- resuming normal operations
[Sat Dec 10 06:00:17.928774 2022] [core:notice] [pid 1:tid 140244842888008] AH00094: Command line: 'httpd -D FOREGROUND'
[Sat Dec 10 06:35:31.067665 2022] [mpm_event:notice] [pid 1:tid 140243038014280] AH00489: Apache/2.4.54 (Unix) configured -- resuming normal operations
[Sat Dec 10 06:35:31.067805 2022] [core:notice] [pid 1:tid 140243038014280] AH00094: Command line: 'httpd -D FOREGROUND'
[Sat Dec 10 06:35:40.850620 2022] [proxy:error] [pid 10:tid 140243032857400] [client 172.18.0.1:32798] AH00898: DNS lookup failure for: php returned by /index.php
[Sat Dec 10 06:40:30.306612 2022] [mpm_event:notice] [pid 1:tid 140243038014280] AH00492: caught SIGWINCH, shutting down gracefully
[Sat Dec 10 06:44:02.017127 2022] [mpm_event:notice] [pid 1:tid 140613926378312] AH00489: Apache/2.4.54 (Unix) configured -- resuming normal operations
[Sat Dec 10 06:44:02.017313 2022] [core:notice] [pid 1:tid 140613926378312] AH00094: Command line: 'httpd -D FOREGROUND'
[Sat Dec 10 06:54:41.659255 2022] [mpm_event:notice] [pid 1:tid 140613926378312] AH00492: caught SIGWINCH, shutting down gracefully
[Sat Dec 10 07:03:31.614272 2022] [mpm_event:notice] [pid 1:tid 140650958461768] AH00489: Apache/2.4.54 (Unix) configured -- resuming normal operations
[Sat Dec 10 07:03:31.614356 2022] [core:notice] [pid 1:tid 140650958461768] AH00094: Command line: 'httpd -D FOREGROUND'
[Mon Oct 09 02:57:22.871857 2023] [mpm_event:notice] [pid 1:tid 139696831228744] AH00489: Apache/2.4.57 (Unix) configured -- resuming normal operations
[Mon Oct 09 02:57:22.871936 2023] [core:notice] [pid 1:tid 139696831228744] AH00094: Command line: 'httpd -D FOREGROUND'
[Mon Oct 09 03:06:55.766787 2023] [mpm_event:notice] [pid 1:tid 139696831228744] AH00492: caught SIGWINCH, shutting down gracefully
[Wed Dec 06 04:38:17.321718 2023] [mpm_event:notice] [pid 1:tid 139908476865352] AH00489: Apache/2.4.58 (Unix) configured -- resuming normal operations
[Wed Dec 06 04:38:17.323671 2023] [core:notice] [pid 1:tid 139908476865352] AH00094: Command line: 'httpd -D FOREGROUND'
[Thu Feb 20 13:09:30.479368 2025] [mpm_event:notice] [pid 1:tid 1] AH00489: Apache/2.4.63 (Unix) configured -- resuming normal operations
[Thu Feb 20 13:09:30.479505 2025] [core:notice] [pid 1:tid 1] AH00094: Command line: 'httpd -D FOREGROUND'
[Thu Feb 20 13:19:49.377064 2025] [mpm_event:notice] [pid 1:tid 1] AH00492: caught SIGWINCH, shutting down gracefully
[Thu Feb 20 13:19:59.908507 2025] [mpm_event:notice] [pid 1:tid 1] AH00489: Apache/2.4.63 (Unix) configured -- resuming normal operations
[Thu Feb 20 13:19:59.908858 2025] [core:notice] [pid 1:tid 1] AH00094: Command line: 'httpd -D FOREGROUND'
[Thu Feb 20 13:40:06.032778 2025] [mpm_event:notice] [pid 1:tid 1] AH00492: caught SIGWINCH, shutting down gracefully
[Thu Feb 20 13:40:11.123914 2025] [mpm_event:notice] [pid 1:tid 1] AH00489: Apache/2.4.63 (Unix) configured -- resuming normal operations
[Thu Feb 20 13:40:11.124010 2025] [core:notice] [pid 1:tid 1] AH00094: Command line: 'httpd -D FOREGROUND'
[Thu Feb 20 13:54:51.378734 2025] [mpm_event:notice] [pid 1:tid 1] AH00492: caught SIGWINCH, shutting down gracefully
[Thu Feb 20 13:54:56.226601 2025] [mpm_event:notice] [pid 1:tid 1] AH00489: Apache/2.4.63 (Unix) configured -- resuming normal operations
[Thu Feb 20 13:54:56.226718 2025] [core:notice] [pid 1:tid 1] AH00094: Command line: 'httpd -D FOREGROUND'
[Fri Feb 21 06:55:56.969529 2025] [mpm_event:notice] [pid 1:tid 1] AH00489: Apache/2.4.63 (Unix) configured -- resuming normal operations
[Fri Feb 21 06:55:56.970194 2025] [core:notice] [pid 1:tid 1] AH00094: Command line: 'httpd -D FOREGROUND'
[Fri Feb 21 07:28:48.170203 2025] [mpm_event:notice] [pid 1:tid 1] AH00492: caught SIGWINCH, shutting down gracefully
[Fri Feb 21 07:28:53.961728 2025] [mpm_event:notice] [pid 1:tid 1] AH00489: Apache/2.4.63 (Unix) configured -- resuming normal operations
[Fri Feb 21 07:28:53.961840 2025] [core:notice] [pid 1:tid 1] AH00094: Command line: 'httpd -D FOREGROUND'
[Fri Feb 21 07:29:48.836883 2025] [mpm_event:notice] [pid 1:tid 1] AH00492: caught SIGWINCH, shutting down gracefully
[Fri Feb 21 07:29:53.886803 2025] [mpm_event:notice] [pid 1:tid 1] AH00489: Apache/2.4.63 (Unix) configured -- resuming normal operations
[Fri Feb 21 07:29:53.896341 2025] [core:notice] [pid 1:tid 1] AH00094: Command line: 'httpd -D FOREGROUND'
[Fri Feb 21 07:32:00.083134 2025] [mpm_event:notice] [pid 1:tid 1] AH00492: caught SIGWINCH, shutting down gracefully
[Fri Feb 21 07:32:06.256000 2025] [mpm_event:notice] [pid 1:tid 1] AH00489: Apache/2.4.63 (Unix) configured -- resuming normal operations
[Fri Feb 21 07:32:06.258409 2025] [core:notice] [pid 1:tid 1] AH00094: Command line: 'httpd -D FOREGROUND'
[Fri Feb 21 07:33:04.485443 2025] [mpm_event:notice] [pid 1:tid 1] AH00492: caught SIGWINCH, shutting down gracefully
[Fri Feb 21 07:39:24.643444 2025] [mpm_event:notice] [pid 1:tid 1] AH00489: Apache/2.4.63 (Unix) configured -- resuming normal operations
[Fri Feb 21 07:39:24.645945 2025] [core:notice] [pid 1:tid 1] AH00094: Command line: 'httpd -D FOREGROUND'
[Fri Feb 21 07:42:28.115535 2025] [mpm_event:notice] [pid 1:tid 1] AH00492: caught SIGWINCH, shutting down gracefully
[Fri Feb 21 07:42:33.752082 2025] [mpm_event:notice] [pid 1:tid 1] AH00489: Apache/2.4.63 (Unix) configured -- resuming normal operations
[Fri Feb 21 07:42:33.761002 2025] [core:notice] [pid 1:tid 1] AH00094: Command line: 'httpd -D FOREGROUND'
[Tue Feb 25 09:57:46.225902 2025] [mpm_event:notice] [pid 1:tid 1] AH00489: Apache/2.4.63 (Unix) configured -- resuming normal operations
[Tue Feb 25 09:57:46.227187 2025] [core:notice] [pid 1:tid 1] AH00094: Command line: 'httpd -D FOREGROUND'
[Mon Nov 03 09:51:45.490439 2025] [mpm_event:notice] [pid 1:tid 1] AH00489: Apache/2.4.65 (Unix) configured -- resuming normal operations
[Mon Nov 03 09:51:45.490586 2025] [core:notice] [pid 1:tid 1] AH00094: Command line: 'httpd -D FOREGROUND'
[Mon Nov 03 11:14:16.336190 2025] [mpm_event:notice] [pid 1:tid 1] AH00489: Apache/2.4.65 (Unix) configured -- resuming normal operations
[Mon Nov 03 11:14:16.350556 2025] [core:notice] [pid 1:tid 1] AH00094: Command line: 'httpd -D FOREGROUND'
[Mon Nov 03 11:14:16.915165 2025] [authz_core:error] [pid 17:tid 73] [client 172.18.0.1:50848] AH01630: client denied by server configuration: /var/www/html/public/.htaccess, referer: https://idx.google.com/
[Mon Nov 03 11:18:01.317320 2025] [authz_core:error] [pid 9:tid 52] [client 172.18.0.1:36778] AH01630: client denied by server configuration: /var/www/html/public/.htaccess
[Mon Nov 03 11:19:18.531808 2025] [authz_core:error] [pid 8:tid 13] [client 172.18.0.1:55510] AH01630: client denied by server configuration: /var/www/html/public/.htaccess
[Mon Nov 03 11:19:22.743136 2025] [authz_core:error] [pid 8:tid 14] [client 172.18.0.1:55510] AH01630: client denied by server configuration: /var/www/html/public/.htaccess
[Mon Nov 03 11:19:59.575062 2025] [authz_core:error] [pid 9:tid 39] [client 172.18.0.1:43698] AH01630: client denied by server configuration: /var/www/html/public/.htaccess
[Mon Nov 03 11:22:50.945462 2025] [authz_core:error] [pid 8:tid 11] [client 172.18.0.1:40252] AH01630: client denied by server configuration: /var/www/html/public/.htaccess
[Mon Nov 03 11:30:28.426542 2025] [authz_core:error] [pid 17:tid 75] [client 172.18.0.1:33694] AH01630: client denied by server configuration: /var/www/html/public/.htaccess
[Mon Nov 03 11:31:03.050074 2025] [authz_core:error] [pid 17:tid 79] [client 172.18.0.1:55678] AH01630: client denied by server configuration: /var/www/html/public/.htaccess
[Mon Nov 03 11:31:54.788902 2025] [authz_core:error] [pid 17:tid 84] [client 172.18.0.1:59696] AH01630: client denied by server configuration: /var/www/html/public/.htaccess
[Mon Nov 03 19:54:26.960891 2025] [mpm_event:notice] [pid 1:tid 1] AH00489: Apache/2.4.65 (Unix) configured -- resuming normal operations
[Mon Nov 03 19:54:26.965969 2025] [core:notice] [pid 1:tid 1] AH00094: Command line: 'httpd -D FOREGROUND'
[Mon Nov 03 20:07:04.609157 2025] [mpm_event:notice] [pid 1:tid 1] AH00492: caught SIGWINCH, shutting down gracefully
[Mon Nov 24 09:49:05.106054 2025] [mpm_event:notice] [pid 1:tid 1] AH00489: Apache/2.4.65 (Unix) configured -- resuming normal operations
[Mon Nov 24 09:49:05.106181 2025] [core:notice] [pid 1:tid 1] AH00094: Command line: 'httpd -D FOREGROUND'
[Mon Nov 24 09:49:05.558646 2025] [proxy:error] [pid 9:tid 78] (111)Connection refused: AH00957: FCGI: attempt to connect to 172.18.0.4:9000 (php:9000) failed
[Mon Nov 24 09:49:05.558702 2025] [proxy_fcgi:error] [pid 9:tid 78] [client 172.18.0.1:34368] AH01079: failed to make connection to backend: php, referer: https://idx.google.com/
[Tue Nov 25 13:04:47.254790 2025] [mpm_event:notice] [pid 1:tid 1] AH00489: Apache/2.4.65 (Unix) configured -- resuming normal operations
[Tue Nov 25 13:04:47.256519 2025] [core:notice] [pid 1:tid 1] AH00094: Command line: 'httpd -D FOREGROUND'
[Wed Nov 26 09:25:11.143523 2025] [mpm_event:notice] [pid 1:tid 1] AH00489: Apache/2.4.65 (Unix) configured -- resuming normal operations
[Wed Nov 26 09:25:11.146683 2025] [core:notice] [pid 1:tid 1] AH00094: Command line: 'httpd -D FOREGROUND'
[Tue Dec 02 12:20:23.458228 2025] [mpm_event:notice] [pid 1:tid 1] AH00489: Apache/2.4.65 (Unix) configured -- resuming normal operations
[Tue Dec 02 12:20:23.461435 2025] [core:notice] [pid 1:tid 1] AH00094: Command line: 'httpd -D FOREGROUND'
[Wed Dec 03 08:49:26.672811 2025] [mpm_event:notice] [pid 1:tid 1] AH00489: Apache/2.4.65 (Unix) configured -- resuming normal operations
[Wed Dec 03 08:49:26.719961 2025] [core:notice] [pid 1:tid 1] AH00094: Command line: 'httpd -D FOREGROUND'
[Thu Dec 04 14:13:51.348375 2025] [mpm_event:notice] [pid 1:tid 1] AH00489: Apache/2.4.65 (Unix) configured -- resuming normal operations
[Thu Dec 04 14:13:51.349627 2025] [core:notice] [pid 1:tid 1] AH00094: Command line: 'httpd -D FOREGROUND'
[Thu Dec 04 14:13:52.153149 2025] [proxy:error] [pid 9:tid 77] (111)Connection refused: AH00957: FCGI: attempt to connect to 172.18.0.5:9000 (php:9000) failed
[Thu Dec 04 14:13:52.153245 2025] [proxy_fcgi:error] [pid 9:tid 77] [client 172.18.0.1:44604] AH01079: failed to make connection to backend: php, referer: https://idx.google.com/
[Wed Dec 10 07:49:52.442654 2025] [mpm_event:notice] [pid 1:tid 1] AH00489: Apache/2.4.65 (Unix) configured -- resuming normal operations
[Wed Dec 10 07:49:52.446045 2025] [core:notice] [pid 1:tid 1] AH00094: Command line: 'httpd -D FOREGROUND'
[Thu Jan 15 10:29:58.728012 2026] [mpm_event:notice] [pid 1:tid 1] AH00489: Apache/2.4.66 (Unix) configured -- resuming normal operations
[Thu Jan 15 10:29:58.728148 2026] [core:notice] [pid 1:tid 1] AH00094: Command line: 'httpd -D FOREGROUND'
[Thu Jan 15 10:53:22.986186 2026] [mpm_event:notice] [pid 1:tid 1] AH00492: caught SIGWINCH, shutting down gracefully
[Sat Jan 31 10:24:04.748044 2026] [mpm_event:notice] [pid 1:tid 1] AH00489: Apache/2.4.66 (Unix) configured -- resuming normal operations
[Sat Jan 31 10:24:04.750257 2026] [core:notice] [pid 1:tid 1] AH00094: Command line: 'httpd -D FOREGROUND'
[Sat Jan 31 11:52:35.390925 2026] [mpm_event:notice] [pid 1:tid 1] AH00492: caught SIGWINCH, shutting down gracefully
[Sat Jan 31 11:52:46.363096 2026] [mpm_event:notice] [pid 1:tid 1] AH00489: Apache/2.4.66 (Unix) configured -- resuming normal operations
[Sat Jan 31 11:52:46.363395 2026] [core:notice] [pid 1:tid 1] AH00094: Command line: 'httpd -D FOREGROUND'
[Sat Jan 31 11:56:42.231801 2026] [mpm_event:notice] [pid 1:tid 1] AH00492: caught SIGWINCH, shutting down gracefully
[Sat Jan 31 11:56:59.468046 2026] [mpm_event:notice] [pid 1:tid 1] AH00489: Apache/2.4.66 (Unix) configured -- resuming normal operations
[Sat Jan 31 11:56:59.468163 2026] [core:notice] [pid 1:tid 1] AH00094: Command line: 'httpd -D FOREGROUND'
[Sat Jan 31 11:58:10.041855 2026] [mpm_event:notice] [pid 1:tid 1] AH00492: caught SIGWINCH, shutting down gracefully
[Sat Jan 31 11:58:18.155341 2026] [mpm_event:notice] [pid 1:tid 1] AH00489: Apache/2.4.66 (Unix) configured -- resuming normal operations
[Sat Jan 31 11:58:18.155454 2026] [core:notice] [pid 1:tid 1] AH00094: Command line: 'httpd -D FOREGROUND'
[Sat Jan 31 11:59:33.658021 2026] [mpm_event:notice] [pid 1:tid 1] AH00492: caught SIGWINCH, shutting down gracefully
[Sat Jan 31 11:59:35.826252 2026] [mpm_event:notice] [pid 1:tid 1] AH00489: Apache/2.4.66 (Unix) configured -- resuming normal operations
[Sat Jan 31 11:59:35.827758 2026] [core:notice] [pid 1:tid 1] AH00094: Command line: 'httpd -D FOREGROUND'
[Sat Jan 31 12:02:06.396111 2026] [mpm_event:notice] [pid 1:tid 1] AH00492: caught SIGWINCH, shutting down gracefully
[Sat Jan 31 12:02:08.596365 2026] [mpm_event:notice] [pid 1:tid 1] AH00489: Apache/2.4.66 (Unix) configured -- resuming normal operations
[Sat Jan 31 12:02:08.596452 2026] [core:notice] [pid 1:tid 1] AH00094: Command line: 'httpd -D FOREGROUND'
